<?xml version="1.0" encoding="UTF-8" ?>
<beans 
xmlns="http://www.springframework.org/schema/beans"
  xmlns:xsi="http://www.w3.org/2001/XMLSchema-instance"   
  xmlns:context="http://www.springframework.org/schema/context"
  
  xsi:schemaLocation="   http://www.springframework.org/schema/beans 
                         http://www.springframework.org/schema/beans/spring-beans-3.0.xsd
                          http://www.springframework.org/schema/context http://www.springframework.org/schema/context/spring-context-3.0.xsd
        ">
    <context:annotation-config />
    <!--http://book.javanb.com/Professional-Java-Development-with-the-Spring-Framework/BBL0079.html-->
    <bean id="phpContext" class="org.wp.spring.php.PHPContext" init-method="init" destroy-method="destroy" />
    <bean id="env" class="org.wp.spring.php.PHPEnvironment" init-method="init" destroy-method="destroy" >
        <property name="context" ref="phpContext"/>    
    </bean>
        
    <bean id="phpFactory" class="org.wp.spring.php.PHPScriptFactory">        
        <property name="environment" ref="env"/>
    </bean>
    <bean id="lime" factory-bean="phpFactory" factory-method="create">
        <constructor-arg
index="0">
            <value>
test/test.php
            </value>
        </constructor-arg>
        <constructor-arg
index="1">
            <value>Lime</value>
        </constructor-arg> 
    </bean>
    <bean id="limeSuper" factory-bean="phpFactory" factory-method="create">
        <constructor-arg
index="0">
            <value>
test/test.php
            </value>
        </constructor-arg>
        <constructor-arg
index="1">
            <value>Lime</value>
        </constructor-arg> 
        <constructor-arg
index="2">
            <value>Lime</value>
        </constructor-arg> 
    </bean>
</beans>